# This is an example of what the output should look, when the program functions 
# correctly.
 ******************************************************************************
 **                                                                          **
 **                         JVIE T-Matrix Dynamics v0.5                      **
 **                                                                          **
 ******************************************************************************
 
 Time: XX.XX.XXXX -- XX:XX:XX.XXX
 Paramsfile: examples/params.in
 Mesh: examples/GRE-1.h5
 T-matrix: examples/T-GRE-1.h5
 Reading mesh...
    Number of nodes                =        4448
    Number of elements             =       25613
    Refractive index of medium     =   1.000
    Note: Geometry is inhomogeneous.
 Wavelengths in medium (um):  0.320 0.500 0.680 0.860 1.040 1.220 1.400 1.580 1.760 1.940
 
Analytical VSWF coefficient integration of MST:
 F   = ( -1.030E-27 -2.666E-27  6.213E-26 ) N
 N   = (  3.918E-34 -1.884E-33 -7.353E-35 ) Nm
 a_F = ( -1.024E-11 -2.652E-11  6.180E-10 ) m/s^2
 a_N = (  3.369E-04 -6.789E-04 -2.200E-05 ) rad/s^2
 
 Efficiencies for each wavelength separately
  WL(nm):  319.6  499.6  679.6  859.6 1039.6 1219.6 1399.6 1579.6 1759.6 1939.6
   Qfx: -0.021 -0.012 -0.027 -0.019 -0.010 -0.005 -0.002 -0.001 -0.001 -0.000
   Qfy: -0.081 -0.055 -0.050 -0.025 -0.011 -0.005 -0.002 -0.001 -0.001 -0.000
   Qfz:  1.467  1.135  0.939  0.822  0.690  0.569  0.473  0.400  0.344  0.302
   Qtx:  0.164  0.114  0.070  0.040  0.016  0.004 -0.002 -0.005 -0.006 -0.006
   Qty: -0.890 -0.420 -0.261 -0.196 -0.132 -0.088 -0.060 -0.043 -0.032 -0.025
   Qtz: -0.030 -0.020 -0.015 -0.006 -0.002 -0.001 -0.001 -0.000 -0.000 -0.000

